<?xml version="1.0" encoding="UTF-8"?>
<!-- Generated by org.testng.reporters.JUnitXMLReporter -->
<testsuite hostname="LAPTOP-23PV20AT" name="RegressionTest" tests="2" failures="1" timestamp="24 Jan 2017 13:56:41 GMT" time="48.376" errors="0">
  <testcase name="verifyPage" time="0.038" classname="testscripts.VerifyHomePage"/>
  <testcase name="verifyLogin" time="17.749" classname="testscripts.VerifyLoginPageWithReports1">
    <failure type="java.lang.AssertionError" message="sign out link is not present expected [Sign Out] but found []">
      <![CDATA[java.lang.AssertionError: sign out link is not present expected [Sign Out] but found []
	at pages.LoginPage.verifySignOutLink(LoginPage.java:34)
	at testscripts.VerifyLoginPageWithReports1.verifyLogin(VerifyLoginPageWithReports1.java:53)
... Removed 28 stack frames]]>
    </failure>
  </testcase> <!-- verifyLogin -->
</testsuite> <!-- RegressionTest -->
